<?xml version="1.0" encoding="UTF-8"?>
<testng-results ignored="0" total="0" passed="0" failed="0" skipped="0">
  <reporter-output>
  </reporter-output>
  <suite started-at="2022-03-11T11:57:21 GMT" name="Default Suite" finished-at="2022-03-11T11:57:25 GMT" duration-ms="3880">
    <groups>
      <group name="cucumber">
        <method signature="AbstractTestNGCucumberTests.runScenario(io.cucumber.testng.PickleWrapper,io.cucumber.testng.FeatureWrapper)[pri:0, instance:runners.TestRunner@23986957]" name="runScenario" class="io.cucumber.testng.AbstractTestNGCucumberTests"/>
      </group> <!-- cucumber -->
    </groups>
    <test started-at="2022-03-11T11:57:21 GMT" name="PracticeFormAutomation" finished-at="2022-03-11T11:57:25 GMT" duration-ms="3880">
      <class name="runners.TestRunner">
        <test-method is-config="true" signature="setUpClass(org.testng.ITestContext)[pri:0, instance:runners.TestRunner@23986957]" started-at="2022-03-11T11:57:21 GMT" name="setUpClass" finished-at="2022-03-11T11:57:23 GMT" duration-ms="1754" status="PASS">
          <params>
            <param index="0">
              <value>
                <![CDATA[org.testng.TestRunner@408b35bf]]>
              </value>
            </param>
          </params>
          <reporter-output>
          </reporter-output>
        </test-method> <!-- setUpClass -->
        <test-method is-config="true" signature="tearDownClass()[pri:0, instance:runners.TestRunner@23986957]" started-at="2022-03-11T11:57:23 GMT" name="tearDownClass" finished-at="2022-03-11T11:57:25 GMT" duration-ms="2038" status="PASS">
          <reporter-output>
          </reporter-output>
        </test-method> <!-- tearDownClass -->
      </class> <!-- runners.TestRunner -->
    </test> <!-- PracticeFormAutomation -->
  </suite> <!-- Default Suite -->
</testng-results>
